[0.011s] Invoking command in '/home/gonuguntla-sai-karthik/ros2_ws/src/ros2-custom-messages-karthikgonuguntla/build/ros2_custom_msgs': DEBUGINFOD_URLS=https://debuginfod.ubuntu.com /usr/bin/cmake /home/gonuguntla-sai-karthik/ros2_ws/src/ros2-custom-messages-karthikgonuguntla -DCMAKE_INSTALL_PREFIX=/home/gonuguntla-sai-karthik/ros2_ws/src/ros2-custom-messages-karthikgonuguntla/install/ros2_custom_msgs
[0.193s] -- The C compiler identification is GNU 13.3.0
[0.323s] -- The CXX compiler identification is GNU 13.3.0
[0.353s] -- Detecting C compiler ABI info
[0.487s] -- Detecting C compiler ABI info - done
[0.497s] -- Check for working C compiler: /usr/bin/cc - skipped
[0.499s] -- Detecting C compile features
[0.499s] -- Detecting C compile features - done
[0.516s] -- Detecting CXX compiler ABI info
[0.652s] -- Detecting CXX compiler ABI info - done
[0.666s] -- Check for working CXX compiler: /usr/bin/c++ - skipped
[0.666s] -- Detecting CXX compile features
[0.667s] -- Detecting CXX compile features - done
[0.678s] -- Found ament_cmake: 2.5.4 (/opt/ros/jazzy/share/ament_cmake/cmake)
[0.823s] -- Found Python3: /usr/bin/python3 (found version "3.12.3") found components: Interpreter 
[0.932s] -- Found rclcpp: 28.1.13 (/opt/ros/jazzy/share/rclcpp/cmake)
[0.976s] -- Found rosidl_generator_c: 4.6.6 (/opt/ros/jazzy/share/rosidl_generator_c/cmake)
[0.989s] -- Found rosidl_generator_cpp: 4.6.6 (/opt/ros/jazzy/share/rosidl_generator_cpp/cmake)
[1.004s] -- Using all available rosidl_typesupport_c: rosidl_typesupport_fastrtps_c;rosidl_typesupport_introspection_c
[1.029s] -- Using all available rosidl_typesupport_cpp: rosidl_typesupport_fastrtps_cpp;rosidl_typesupport_introspection_cpp
[1.104s] -- Found rmw_implementation_cmake: 7.3.2 (/opt/ros/jazzy/share/rmw_implementation_cmake/cmake)
[1.107s] -- Found rmw_fastrtps_cpp: 8.4.3 (/opt/ros/jazzy/share/rmw_fastrtps_cpp/cmake)
[1.218s] -- Found OpenSSL: /usr/lib/x86_64-linux-gnu/libcrypto.so (found version "3.0.13")  
[1.252s] -- Found FastRTPS: /opt/ros/jazzy/include (Required is at least version "2.13") 
[1.278s] -- Using RMW implementation 'rmw_fastrtps_cpp' as default
[1.356s] -- Found rosidl_default_generators: 1.6.0 (/opt/ros/jazzy/share/rosidl_default_generators/cmake)
[1.370s] -- Found rosidl_adapter: 4.6.6 (/opt/ros/jazzy/share/rosidl_adapter/cmake)
[1.644s] Error parsing '/home/gonuguntla-sai-karthik/ros2_ws/src/ros2-custom-messages-karthikgonuguntla/package.xml':
[3.073s] Traceback (most recent call last):
[3.073s]   File "/usr/lib/python3/dist-packages/catkin_pkg/package.py", line 610, in parse_package_string
[3.073s]     root = dom.parseString(data)
[3.073s]            ^^^^^^^^^^^^^^^^^^^^^
[3.073s]   File "/usr/lib/python3.12/xml/dom/minidom.py", line 2000, in parseString
[3.073s]     return expatbuilder.parseString(string)
[3.073s]            ^^^^^^^^^^^^^^^^^^^^^^^^^^^^^^^^
[3.074s]   File "/usr/lib/python3.12/xml/dom/expatbuilder.py", line 922, in parseString
[3.074s]     return builder.parseString(string)
[3.074s]            ^^^^^^^^^^^^^^^^^^^^^^^^^^^
[3.074s]   File "/usr/lib/python3.12/xml/dom/expatbuilder.py", line 220, in parseString
[3.074s]     parser.Parse(string, True)
[3.074s] xml.parsers.expat.ExpatError: not well-formed (invalid token): line 3, column 16
[3.074s] 
[3.074s] During handling of the above exception, another exception occurred:
[3.074s] 
[3.074s] Traceback (most recent call last):
[3.075s]   File "/opt/ros/jazzy/share/ament_cmake_core/cmake/core/package_xml_2_cmake.py", line 150, in <module>
[3.075s]     main()
[3.075s]   File "/opt/ros/jazzy/share/ament_cmake_core/cmake/core/package_xml_2_cmake.py", line 53, in main
[3.075s]     raise e
[3.075s]   File "/opt/ros/jazzy/share/ament_cmake_core/cmake/core/package_xml_2_cmake.py", line 49, in main
[3.075s]     package = parse_package_string(
[3.075s]               ^^^^^^^^^^^^^^^^^^^^^
[3.075s]   File "/usr/lib/python3/dist-packages/catkin_pkg/package.py", line 612, in parse_package_string
[3.076s]     raise InvalidPackage('The manifest contains invalid XML:\n%s' % ex, filename)
[3.076s] catkin_pkg.package.InvalidPackage: Error(s) in package '/home/gonuguntla-sai-karthik/ros2_ws/src/ros2-custom-messages-karthikgonuguntla/package.xml':
[3.076s] The manifest contains invalid XML:
[3.076s] not well-formed (invalid token): line 3, column 16
[3.105s] [31mCMake Error at /opt/ros/jazzy/share/ament_cmake_core/cmake/core/ament_package_xml.cmake:95 (message):
[3.105s]   execute_process(/usr/bin/python3
[3.105s]   /opt/ros/jazzy/share/ament_cmake_core/cmake/core/package_xml_2_cmake.py
[3.105s]   /home/gonuguntla-sai-karthik/ros2_ws/src/ros2-custom-messages-karthikgonuguntla/package.xml
[3.105s]   /home/gonuguntla-sai-karthik/ros2_ws/src/ros2-custom-messages-karthikgonuguntla/build/ros2_custom_msgs/ament_cmake_core/package.cmake)
[3.105s]   returned error code 1
[3.105s] Call Stack (most recent call first):
[3.105s]   /opt/ros/jazzy/share/ament_cmake_core/cmake/core/ament_package_xml.cmake:49 (_ament_package_xml)
[3.105s]   /opt/ros/jazzy/share/rosidl_cmake/cmake/rosidl_generate_interfaces.cmake:220 (ament_package_xml)
[3.105s]   CMakeLists.txt:14 (rosidl_generate_interfaces)
[3.106s] 
[3.106s] [0m
[3.106s] -- Configuring incomplete, errors occurred!
[3.114s] Invoked command in '/home/gonuguntla-sai-karthik/ros2_ws/src/ros2-custom-messages-karthikgonuguntla/build/ros2_custom_msgs' returned '1': DEBUGINFOD_URLS=https://debuginfod.ubuntu.com /usr/bin/cmake /home/gonuguntla-sai-karthik/ros2_ws/src/ros2-custom-messages-karthikgonuguntla -DCMAKE_INSTALL_PREFIX=/home/gonuguntla-sai-karthik/ros2_ws/src/ros2-custom-messages-karthikgonuguntla/install/ros2_custom_msgs
